<?xml version="1.0" encoding="UTF-8"?>
<!-- Generated by org.testng.reporters.JUnitXMLReporter -->
<testsuite hostname="INUH102529" ignored="0" name="Command line test" tests="2" failures="1" timestamp="13 May 2020 18:40:40 GMT" time="15.408" errors="0">
  <testcase name="freeCrmTitleTest" time="0.098" classname="com.tests.LoginTest"/>
  <testcase name="freemCRMLogoTest" time="0.632" classname="com.tests.LoginTest">
    <failure type="java.lang.AssertionError" message="expected [true] but found [false]">
      <![CDATA[java.lang.AssertionError: expected [true] but found [false]
	at com.tests.LoginTest.freemCRMLogoTest(LoginTest.java:71)
... Removed 38 stack frames]]>
    </failure>
  </testcase> <!-- freemCRMLogoTest -->
</testsuite> <!-- Command line test -->
