<?xml version="1.0" encoding="UTF-8"?>
<testng-results skipped="0" failed="0" ignored="0" total="2" passed="2">
  <reporter-output>
  </reporter-output>
  <suite name="com.tests.LoginTest" duration-ms="22632" started-at="2020-05-13T18:47:12Z" finished-at="2020-05-13T18:47:35Z">
    <groups>
    </groups>
    <test name="Command line test" duration-ms="22632" started-at="2020-05-13T18:47:12Z" finished-at="2020-05-13T18:47:35Z">
      <class name="com.tests.LoginTest">
        <test-method status="PASS" signature="setup()[pri:0, instance:com.tests.LoginTest@7dc7cbad]" name="setup" is-config="true" duration-ms="8248" started-at="2020-05-14T00:17:12Z" finished-at="2020-05-14T00:17:21Z">
          <reporter-output>
          </reporter-output>
        </test-method> <!-- setup -->
        <test-method status="PASS" signature="freeCrmTitleTest()[pri:1, instance:com.tests.LoginTest@7dc7cbad]" name="freeCrmTitleTest" duration-ms="3077" started-at="2020-05-14T00:17:21Z" finished-at="2020-05-14T00:17:24Z">
          <reporter-output>
          </reporter-output>
        </test-method> <!-- freeCrmTitleTest -->
        <test-method status="PASS" signature="tearDown()[pri:0, instance:com.tests.LoginTest@7dc7cbad]" name="tearDown" is-config="true" duration-ms="1559" started-at="2020-05-14T00:17:24Z" finished-at="2020-05-14T00:17:25Z">
          <reporter-output>
          </reporter-output>
        </test-method> <!-- tearDown -->
        <test-method status="PASS" signature="setup()[pri:0, instance:com.tests.LoginTest@7dc7cbad]" name="setup" is-config="true" duration-ms="5683" started-at="2020-05-14T00:17:25Z" finished-at="2020-05-14T00:17:31Z">
          <reporter-output>
          </reporter-output>
        </test-method> <!-- setup -->
        <test-method status="PASS" signature="freemCRMLogoTest()[pri:2, instance:com.tests.LoginTest@7dc7cbad]" name="freemCRMLogoTest" duration-ms="3304" started-at="2020-05-14T00:17:31Z" finished-at="2020-05-14T00:17:34Z">
          <reporter-output>
          </reporter-output>
        </test-method> <!-- freemCRMLogoTest -->
        <test-method status="PASS" signature="tearDown()[pri:0, instance:com.tests.LoginTest@7dc7cbad]" name="tearDown" is-config="true" duration-ms="720" started-at="2020-05-14T00:17:34Z" finished-at="2020-05-14T00:17:35Z">
          <reporter-output>
          </reporter-output>
        </test-method> <!-- tearDown -->
      </class> <!-- com.tests.LoginTest -->
    </test> <!-- Command line test -->
  </suite> <!-- com.tests.LoginTest -->
</testng-results>
